  Camera.cpp
C:\Users\aidan\Documents\Humber-2020\Engines 4\GameEngine\GameEngine\Engine\Camera\Camera.h(4,10): fatal error C1083: Cannot open include file: 'glm/glm.hpp': No such file or directory
  Debug.cpp
  CoreEngine.cpp
C:\Users\aidan\Documents\Humber-2020\Engines 4\GameEngine\GameEngine\Engine\Core\Window.h(4,10): fatal error C1083: Cannot open include file: 'SDL.h': No such file or directory
  TextureHandler.cpp
C:\Users\aidan\Documents\Humber-2020\Engines 4\GameEngine\GameEngine\Engine\Graphics\TextureHandler.h(7,10): fatal error C1083: Cannot open include file: 'SDL.h': No such file or directory
  GameObject.cpp
C:\Users\aidan\Documents\Humber-2020\Engines 4\GameEngine\GameEngine\Engine\Rendering\3D\Mesh.h(4,10): fatal error C1083: Cannot open include file: 'glew.h': No such file or directory
  LoadOBJModel.cpp
C:\Users\aidan\Documents\Humber-2020\Engines 4\GameEngine\GameEngine\Engine\Rendering\3D\Mesh.h(4,10): fatal error C1083: Cannot open include file: 'glew.h': No such file or directory
  GameScene.cpp
C:\Users\aidan\Documents\Humber-2020\Engines 4\GameEngine\GameEngine\Engine\Core\Window.h(4,10): fatal error C1083: Cannot open include file: 'SDL.h': No such file or directory
  Game1.cpp
C:\Users\aidan\Documents\Humber-2020\Engines 4\GameEngine\GameEngine\Engine\Core\Window.h(4,10): fatal error C1083: Cannot open include file: 'SDL.h': No such file or directory
  LightSource.cpp
C:\Users\aidan\Documents\Humber-2020\Engines 4\GameEngine\GameEngine\Engine\FX\LightSource.h(3,10): fatal error C1083: Cannot open include file: 'glm/glm.hpp': No such file or directory
  Main.cpp
C:\Users\aidan\Documents\Humber-2020\Engines 4\GameEngine\GameEngine\Engine\Core\Window.h(4,10): fatal error C1083: Cannot open include file: 'SDL.h': No such file or directory
  Window.cpp
C:\Users\aidan\Documents\Humber-2020\Engines 4\GameEngine\GameEngine\Engine\Core\Window.h(4,10): fatal error C1083: Cannot open include file: 'SDL.h': No such file or directory
  Timer.cpp
C:\Users\aidan\Documents\Humber-2020\Engines 4\GameEngine\GameEngine\Engine\Core\Timer.h(4,10): fatal error C1083: Cannot open include file: 'SDL.h': No such file or directory
  StartScene.cpp
C:\Users\aidan\Documents\Humber-2020\Engines 4\GameEngine\GameEngine\Engine\Core\Window.h(4,10): fatal error C1083: Cannot open include file: 'SDL.h': No such file or directory
  Mesh.cpp
C:\Users\aidan\Documents\Humber-2020\Engines 4\GameEngine\GameEngine\Engine\Rendering\3D\Mesh.h(4,10): fatal error C1083: Cannot open include file: 'glew.h': No such file or directory
  Model.cpp
C:\Users\aidan\Documents\Humber-2020\Engines 4\GameEngine\GameEngine\Engine\Rendering\3D\Mesh.h(4,10): fatal error C1083: Cannot open include file: 'glew.h': No such file or directory
  ShaderHandler.cpp
C:\Users\aidan\Documents\Humber-2020\Engines 4\GameEngine\GameEngine\Engine\Graphics\ShaderHandler.h(8,10): fatal error C1083: Cannot open include file: 'glew.h': No such file or directory
  Generating Code...
